<?xml version="1.0" encoding="UTF-8"?>
<testsuite xmlns:xsi="http://www.w3.org/2001/XMLSchema-instance" xsi:noNamespaceSchemaLocation="https://maven.apache.org/surefire/maven-surefire-plugin/xsd/surefire-test-report-3.0.xsd" version="3.0" name="com.learningspringboot.samah.employees.EmployeesApplicationTests" time="14.329" tests="1" errors="0" skipped="0" failures="0">
  <properties>
[...]
</properties>
  <testcase name="whenValidEmployeeNameGiven_thenShouldFound" classname="com.learningspringboot.samah.employees.EmployeesApplicationTests" time="1.763">
    <system-out><![CDATA[19:10:40.200 [main] INFO org.springframework.test.context.support.AnnotationConfigContextLoaderUtils -- Could not detect default configuration classes for test class [com.learningspringboot.samah.employees.EmployeesApplicationTests]: EmployeesApplicationTests does not declare any static, non-private, non-final, nested classes annotated with @Configuration.
19:10:40.647 [main] INFO org.springframework.boot.test.context.SpringBootTestContextBootstrapper -- Found @SpringBootConfiguration com.learningspringboot.samah.employees.EmployeesApplication for test class com.learningspringboot.samah.employees.EmployeesApplicationTests

  .   ____          _            __ _ _
 /\\ / ___'_ __ _ _(_)_ __  __ _ \ \ \ \
( ( )\___ | '_ | '_| | '_ \/ _` | \ \ \ \
 \\/  ___)| |_)| | | | | || (_| |  ) ) ) )
  '  |____| .__|_| |_|_| |_\__, | / / / /
 =========|_|==============|___/=/_/_/_/
 :: Spring Boot ::                (v3.1.2)

2024-01-08T19:10:42.159+04:00  INFO 31268 --- [           main] c.l.s.e.EmployeesApplicationTests        : Starting EmployeesApplicationTests using Java 19.0.2 with PID 31268 (started by User in C:\Users\User\OneDrive\Documents\GitHub\Employees-Spring-boot)
2024-01-08T19:10:42.175+04:00  INFO 31268 --- [           main] c.l.s.e.EmployeesApplicationTests        : No active profile set, falling back to 1 default profile: "default"
2024-01-08T19:10:43.711+04:00  INFO 31268 --- [           main] .s.d.r.c.RepositoryConfigurationDelegate : Bootstrapping Spring Data JPA repositories in DEFAULT mode.
2024-01-08T19:10:43.883+04:00  INFO 31268 --- [           main] .s.d.r.c.RepositoryConfigurationDelegate : Finished Spring Data repository scanning in 151 ms. Found 1 JPA repository interfaces.
2024-01-08T19:10:44.949+04:00  INFO 31268 --- [           main] o.hibernate.jpa.internal.util.LogHelper  : HHH000204: Processing PersistenceUnitInfo [name: default]
2024-01-08T19:10:45.174+04:00  INFO 31268 --- [           main] org.hibernate.Version                    : HHH000412: Hibernate ORM core version 6.2.6.Final
2024-01-08T19:10:45.181+04:00  INFO 31268 --- [           main] org.hibernate.cfg.Environment            : HHH000406: Using bytecode reflection optimizer
2024-01-08T19:10:45.820+04:00  INFO 31268 --- [           main] o.h.b.i.BytecodeProviderInitiator        : HHH000021: Bytecode provider name : bytebuddy
2024-01-08T19:10:46.211+04:00  INFO 31268 --- [           main] o.s.o.j.p.SpringPersistenceUnitInfo      : No LoadTimeWeaver setup: ignoring JPA class transformer
2024-01-08T19:10:46.242+04:00  INFO 31268 --- [           main] com.zaxxer.hikari.HikariDataSource       : HikariPool-1 - Starting...
2024-01-08T19:10:46.958+04:00  INFO 31268 --- [           main] com.zaxxer.hikari.pool.HikariPool        : HikariPool-1 - Added connection com.mysql.cj.jdbc.ConnectionImpl@640a8f93
2024-01-08T19:10:46.962+04:00  INFO 31268 --- [           main] com.zaxxer.hikari.HikariDataSource       : HikariPool-1 - Start completed.
2024-01-08T19:10:47.655+04:00  INFO 31268 --- [           main] o.h.b.i.BytecodeProviderInitiator        : HHH000021: Bytecode provider name : bytebuddy
2024-01-08T19:10:49.080+04:00  INFO 31268 --- [           main] o.h.e.t.j.p.i.JtaPlatformInitiator       : HHH000490: Using JtaPlatform implementation: [org.hibernate.engine.transaction.jta.platform.internal.NoJtaPlatform]
2024-01-08T19:10:49.405+04:00  INFO 31268 --- [           main] j.LocalContainerEntityManagerFactoryBean : Initialized JPA EntityManagerFactory for persistence unit 'default'
2024-01-08T19:10:51.049+04:00  WARN 31268 --- [           main] JpaBaseConfiguration$JpaWebConfiguration : spring.jpa.open-in-view is enabled by default. Therefore, database queries may be performed during view rendering. Explicitly configure spring.jpa.open-in-view to disable this warning
2024-01-08T19:10:52.184+04:00  INFO 31268 --- [           main] c.l.s.e.EmployeesApplicationTests        : Started EmployeesApplicationTests in 11.047 seconds (process running for 13.936)
]]></system-out>
  </testcase>
</testsuite>